{"contracts\\OPZ.sol":{"l":{"24":3,"31":5,"37":4,"42":4,"43":4,"46":1,"47":1,"51":1,"55":1,"59":1,"63":4,"72":7,"80":7},"path":"D:\\project\\zinstitute\\Quiz\\contracts\\OPZ.sol","s":{"1":3,"2":5,"3":4,"4":4,"5":1,"6":1,"7":1,"8":1,"9":1,"10":4,"11":7,"12":7},"b":{"1":[4,1]},"f":{"1":3,"2":5,"3":4,"4":1,"5":1,"6":1,"7":1,"8":4,"9":7,"10":7},"fnMap":{"1":{"name":"constructor","line":23,"loc":{"start":{"line":23,"column":4},"end":{"line":28,"column":4}}},"2":{"name":"onlyMinter","line":30,"loc":{"start":{"line":30,"column":4},"end":{"line":38,"column":4}}},"3":{"name":"setLiquidityPool","line":41,"loc":{"start":{"line":41,"column":4},"end":{"line":44,"column":4}}},"4":{"name":"setRiskVault","line":45,"loc":{"start":{"line":45,"column":4},"end":{"line":48,"column":4}}},"5":{"name":"snapshot","line":50,"loc":{"start":{"line":50,"column":4},"end":{"line":52,"column":4}}},"6":{"name":"pause","line":54,"loc":{"start":{"line":54,"column":4},"end":{"line":56,"column":4}}},"7":{"name":"unpause","line":58,"loc":{"start":{"line":58,"column":4},"end":{"line":60,"column":4}}},"8":{"name":"mint","line":62,"loc":{"start":{"line":62,"column":4},"end":{"line":64,"column":4}}},"9":{"name":"_mint","line":67,"loc":{"start":{"line":67,"column":4},"end":{"line":73,"column":4}}},"10":{"name":"_beforeTokenTransfer","line":77,"loc":{"start":{"line":75,"column":4},"end":{"line":81,"column":4}}}},"statementMap":{"1":{"start":{"line":24,"column":8},"end":{"line":24,"column":39}},"2":{"start":{"line":31,"column":8},"end":{"line":31,"column":1102}},"3":{"start":{"line":42,"column":8},"end":{"line":42,"column":44}},"4":{"start":{"line":43,"column":8},"end":{"line":43,"column":52}},"5":{"start":{"line":46,"column":8},"end":{"line":46,"column":36}},"6":{"start":{"line":47,"column":8},"end":{"line":47,"column":44}},"7":{"start":{"line":51,"column":8},"end":{"line":51,"column":18}},"8":{"start":{"line":55,"column":8},"end":{"line":55,"column":15}},"9":{"start":{"line":59,"column":8},"end":{"line":59,"column":17}},"10":{"start":{"line":63,"column":8},"end":{"line":63,"column":24}},"11":{"start":{"line":72,"column":8},"end":{"line":72,"column":43}},"12":{"start":{"line":80,"column":8},"end":{"line":80,"column":51}}},"branchMap":{"1":{"line":31,"type":"if","locations":[{"start":{"line":31,"column":8},"end":{"line":31,"column":8}},{"start":{"line":31,"column":8},"end":{"line":31,"column":8}}]}}},"contracts\\Quiz_02.sol":{"l":{"14":3,"18":2,"19":1,"22":2,"24":1,"25":2,"36":1},"path":"D:\\project\\zinstitute\\Quiz\\contracts\\Quiz_02.sol","s":{"1":3,"2":2,"3":1,"4":2,"5":1,"6":2,"7":1},"b":{"1":[1,1],"2":[1,1]},"f":{"1":3,"2":2,"3":2,"4":1},"fnMap":{"1":{"name":"constructor","line":13,"loc":{"start":{"line":13,"column":4},"end":{"line":15,"column":4}}},"2":{"name":"mint","line":17,"loc":{"start":{"line":17,"column":4},"end":{"line":20,"column":4}}},"3":{"name":"batchMint","line":21,"loc":{"start":{"line":21,"column":4},"end":{"line":27,"column":4}}},"4":{"name":"supportsInterface","line":29,"loc":{"start":{"line":29,"column":4},"end":{"line":37,"column":4}}}},"statementMap":{"1":{"start":{"line":14,"column":8},"end":{"line":14,"column":42}},"2":{"start":{"line":18,"column":8},"end":{"line":18,"column":67}},"3":{"start":{"line":19,"column":8},"end":{"line":19,"column":30}},"4":{"start":{"line":22,"column":8},"end":{"line":22,"column":85}},"5":{"start":{"line":24,"column":8},"end":{"line":24,"column":832}},"6":{"start":{"line":25,"column":12},"end":{"line":25,"column":33}},"7":{"start":{"line":36,"column":8},"end":{"line":36,"column":51}}},"branchMap":{"1":{"line":18,"type":"if","locations":[{"start":{"line":18,"column":8},"end":{"line":18,"column":8}},{"start":{"line":18,"column":8},"end":{"line":18,"column":8}}]},"2":{"line":22,"type":"if","locations":[{"start":{"line":22,"column":8},"end":{"line":22,"column":8}},{"start":{"line":22,"column":8},"end":{"line":22,"column":8}}]}}}}