{"contracts/Quiz_02.sol":{"l":{"14":3,"18":0,"19":0,"22":0,"24":0,"25":0,"36":0},"path":"/Users/tina/hack/Quiz/contracts/Quiz_02.sol","s":{"1":3,"2":0,"3":0,"4":0,"5":0,"6":0,"7":0},"b":{"1":[0,0],"2":[0,0]},"f":{"1":3,"2":0,"3":0,"4":0},"fnMap":{"1":{"name":"constructor","line":13,"loc":{"start":{"line":13,"column":4},"end":{"line":15,"column":4}}},"2":{"name":"mint","line":17,"loc":{"start":{"line":17,"column":4},"end":{"line":20,"column":4}}},"3":{"name":"batchMint","line":21,"loc":{"start":{"line":21,"column":4},"end":{"line":27,"column":4}}},"4":{"name":"supportsInterface","line":29,"loc":{"start":{"line":29,"column":4},"end":{"line":37,"column":4}}}},"statementMap":{"1":{"start":{"line":14,"column":8},"end":{"line":14,"column":42}},"2":{"start":{"line":18,"column":8},"end":{"line":18,"column":38}},"3":{"start":{"line":19,"column":8},"end":{"line":19,"column":30}},"4":{"start":{"line":22,"column":8},"end":{"line":22,"column":56}},"5":{"start":{"line":24,"column":8},"end":{"line":24,"column":751}},"6":{"start":{"line":25,"column":12},"end":{"line":25,"column":32}},"7":{"start":{"line":36,"column":8},"end":{"line":36,"column":51}}},"branchMap":{"1":{"line":18,"type":"if","locations":[{"start":{"line":18,"column":8},"end":{"line":18,"column":8}},{"start":{"line":18,"column":8},"end":{"line":18,"column":8}}]},"2":{"line":22,"type":"if","locations":[{"start":{"line":22,"column":8},"end":{"line":22,"column":8}},{"start":{"line":22,"column":8},"end":{"line":22,"column":8}}]}}}}